[2022-02-17 21:11:55.055] [INFO ] [restartedMain] [org.springframework.boot.StartupInfoLogger] [55] Starting MvcApplication using Java 11.0.4 on zjy-TWJ with PID 7681 (/home/zjy/workspace/mycode/soa2/mvc/target/classes started by zjy in /home/zjy/workspace/mycode/soa2)
[2022-02-17 21:11:55.055] [INFO ] [restartedMain] [org.springframework.boot.SpringApplication] [637] No active profile set, falling back to default profiles: default
[2022-02-17 21:11:55.055] [INFO ] [restartedMain] [org.springframework.boot.logging.DeferredLog] [255] Devtools property defaults active! Set 'spring.devtools.add-properties' to 'false' to disable
[2022-02-17 21:11:55.055] [INFO ] [restartedMain] [org.springframework.boot.logging.DeferredLog] [255] For additional web related logging consider setting the 'logging.level.web' property to 'DEBUG'
[2022-02-17 21:11:55.055] [INFO ] [restartedMain] [org.springframework.data.repository.config.RepositoryConfigurationDelegate] [262] Multiple Spring Data modules found, entering strict repository configuration mode!
[2022-02-17 21:11:55.055] [INFO ] [restartedMain] [org.springframework.data.repository.config.RepositoryConfigurationDelegate] [132] Bootstrapping Spring Data Redis repositories in DEFAULT mode.
[2022-02-17 21:11:55.055] [INFO ] [restartedMain] [org.springframework.data.repository.config.RepositoryConfigurationDelegate] [201] Finished Spring Data repository scanning in 16 ms. Found 0 Redis repository interfaces.
[2022-02-17 21:11:56.056] [INFO ] [restartedMain] [org.springframework.context.support.PostProcessorRegistrationDelegate$BeanPostProcessorChecker] [376] Bean 'shiroConfiguration' of type [com.zjy.mvc.common.shiro.ShiroConfiguration$$EnhancerBySpringCGLIB$$4453b4d8] is not eligible for getting processed by all BeanPostProcessors (for example: not eligible for auto-proxying)
[2022-02-17 21:11:56.056] [INFO ] [restartedMain] [org.springframework.context.support.PostProcessorRegistrationDelegate$BeanPostProcessorChecker] [376] Bean 'hashedCredentialsMatcher' of type [org.apache.shiro.authc.credential.HashedCredentialsMatcher] is not eligible for getting processed by all BeanPostProcessors (for example: not eligible for auto-proxying)
[2022-02-17 21:11:56.056] [INFO ] [restartedMain] [org.springframework.context.support.PostProcessorRegistrationDelegate$BeanPostProcessorChecker] [376] Bean 'memoryConstrainedCacheManager' of type [org.apache.shiro.cache.MemoryConstrainedCacheManager] is not eligible for getting processed by all BeanPostProcessors (for example: not eligible for auto-proxying)
[2022-02-17 21:11:56.056] [INFO ] [restartedMain] [org.springframework.context.support.PostProcessorRegistrationDelegate$BeanPostProcessorChecker] [376] Bean 'myShiroRealm' of type [com.zjy.mvc.common.shiro.MyAuthorizingRealm] is not eligible for getting processed by all BeanPostProcessors (for example: not eligible for auto-proxying)
[2022-02-17 21:11:56.056] [INFO ] [restartedMain] [org.springframework.context.support.PostProcessorRegistrationDelegate$BeanPostProcessorChecker] [376] Bean 'simpleCookie' of type [org.apache.shiro.web.servlet.SimpleCookie] is not eligible for getting processed by all BeanPostProcessors (for example: not eligible for auto-proxying)
[2022-02-17 21:11:56.056] [INFO ] [restartedMain] [org.springframework.context.support.PostProcessorRegistrationDelegate$BeanPostProcessorChecker] [376] Bean 'sessionDAO' of type [org.apache.shiro.session.mgt.eis.EnterpriseCacheSessionDAO] is not eligible for getting processed by all BeanPostProcessors (for example: not eligible for auto-proxying)
[2022-02-17 21:11:56.056] [INFO ] [restartedMain] [org.springframework.context.support.PostProcessorRegistrationDelegate$BeanPostProcessorChecker] [376] Bean 'sessionManager' of type [org.apache.shiro.web.session.mgt.DefaultWebSessionManager] is not eligible for getting processed by all BeanPostProcessors (for example: not eligible for auto-proxying)
[2022-02-17 21:11:56.056] [INFO ] [restartedMain] [org.springframework.context.support.PostProcessorRegistrationDelegate$BeanPostProcessorChecker] [376] Bean 'securityManager' of type [org.apache.shiro.web.mgt.DefaultWebSecurityManager] is not eligible for getting processed by all BeanPostProcessors (for example: not eligible for auto-proxying)
[2022-02-17 21:11:56.056] [INFO ] [restartedMain] [org.springframework.context.support.PostProcessorRegistrationDelegate$BeanPostProcessorChecker] [376] Bean 'authorizationAttributeSourceAdvisor' of type [org.apache.shiro.spring.security.interceptor.AuthorizationAttributeSourceAdvisor] is not eligible for getting processed by all BeanPostProcessors (for example: not eligible for auto-proxying)
[2022-02-17 21:11:56.056] [INFO ] [restartedMain] [org.springframework.boot.web.embedded.tomcat.TomcatWebServer] [108] Tomcat initialized with port(s): 8088 (http)
[2022-02-17 21:11:56.056] [INFO ] [restartedMain] [org.apache.juli.logging.DirectJDKLog] [173] Initializing ProtocolHandler ["http-nio-8088"]
[2022-02-17 21:11:56.056] [INFO ] [restartedMain] [org.apache.juli.logging.DirectJDKLog] [173] Starting service [Tomcat]
[2022-02-17 21:11:56.056] [INFO ] [restartedMain] [org.apache.juli.logging.DirectJDKLog] [173] Starting Servlet engine: [Apache Tomcat/9.0.56]
[2022-02-17 21:11:56.056] [INFO ] [restartedMain] [org.apache.juli.logging.DirectJDKLog] [173] Initializing Spring embedded WebApplicationContext
[2022-02-17 21:11:56.056] [INFO ] [restartedMain] [org.springframework.boot.web.servlet.context.ServletWebServerApplicationContext] [290] Root WebApplicationContext: initialization completed in 1473 ms
[2022-02-17 21:11:56.056] [INFO ] [restartedMain] [com.zjy.mvc.common.sql.SqlPrint] [190] defaultPrintSql = true
[2022-02-17 21:11:59.059] [INFO ] [restartedMain] [org.springframework.boot.devtools.autoconfigure.OptionalLiveReloadServer] [58] LiveReload server is running on port 35729
[2022-02-17 21:11:59.059] [INFO ] [restartedMain] [org.apache.juli.logging.DirectJDKLog] [173] Starting ProtocolHandler ["http-nio-8088"]
[2022-02-17 21:11:59.059] [INFO ] [restartedMain] [org.springframework.boot.web.embedded.tomcat.TomcatWebServer] [220] Tomcat started on port(s): 8088 (http) with context path ''
[2022-02-17 21:11:59.059] [INFO ] [restartedMain] [org.springframework.boot.StartupInfoLogger] [61] Started MvcApplication in 4.437 seconds (JVM running for 6.45)
[2022-02-17 21:12:15.015] [INFO ] [http-nio-8088-exec-1] [org.apache.juli.logging.DirectJDKLog] [173] Initializing Spring DispatcherServlet 'dispatcherServlet'
[2022-02-17 21:12:15.015] [INFO ] [http-nio-8088-exec-1] [org.springframework.web.servlet.FrameworkServlet] [525] Initializing Servlet 'dispatcherServlet'
[2022-02-17 21:12:15.015] [INFO ] [http-nio-8088-exec-1] [org.springframework.web.servlet.FrameworkServlet] [547] Completed initialization in 1 ms
[2022-02-17 21:12:15.015] [INFO ] [http-nio-8088-exec-1] [org.apache.shiro.session.mgt.AbstractValidatingSessionManager] [233] Enabling session validation scheduler...
[2022-02-17 21:12:23.023] [INFO ] [http-nio-8088-exec-8] [com.zjy.mvc.common.stratory.create.CreateHandler] [25] CreateHandler.perpare
[2022-02-17 21:12:23.023] [INFO ] [http-nio-8088-exec-8] [com.zjy.mvc.common.stratory.create.CreateHandler] [31] CreateHandler.check
[2022-02-17 21:12:27.027] [INFO ] [http-nio-8088-exec-9] [com.zjy.mvc.common.stratory.create.CreateHandler] [25] CreateHandler.perpare
[2022-02-17 21:12:27.027] [INFO ] [http-nio-8088-exec-9] [com.zjy.mvc.common.stratory.create.CreateHandler] [31] CreateHandler.check
[2022-02-17 21:12:52.052] [INFO ] [SpringApplicationShutdownHook] [org.apache.shiro.session.mgt.AbstractValidatingSessionManager] [250] Disabled session validation scheduler.
[2022-02-17 21:12:56.056] [INFO ] [restartedMain] [org.springframework.boot.StartupInfoLogger] [55] Starting MvcApplication using Java 11.0.4 on zjy-TWJ with PID 8101 (/home/zjy/workspace/mycode/soa2/mvc/target/classes started by zjy in /home/zjy/workspace/mycode/soa2)
[2022-02-17 21:12:56.056] [INFO ] [restartedMain] [org.springframework.boot.SpringApplication] [637] No active profile set, falling back to default profiles: default
[2022-02-17 21:12:56.056] [INFO ] [restartedMain] [org.springframework.boot.logging.DeferredLog] [255] Devtools property defaults active! Set 'spring.devtools.add-properties' to 'false' to disable
[2022-02-17 21:12:56.056] [INFO ] [restartedMain] [org.springframework.boot.logging.DeferredLog] [255] For additional web related logging consider setting the 'logging.level.web' property to 'DEBUG'
[2022-02-17 21:12:57.057] [INFO ] [restartedMain] [org.springframework.data.repository.config.RepositoryConfigurationDelegate] [262] Multiple Spring Data modules found, entering strict repository configuration mode!
[2022-02-17 21:12:57.057] [INFO ] [restartedMain] [org.springframework.data.repository.config.RepositoryConfigurationDelegate] [132] Bootstrapping Spring Data Redis repositories in DEFAULT mode.
[2022-02-17 21:12:57.057] [INFO ] [restartedMain] [org.springframework.data.repository.config.RepositoryConfigurationDelegate] [201] Finished Spring Data repository scanning in 14 ms. Found 0 Redis repository interfaces.
[2022-02-17 21:12:57.057] [INFO ] [restartedMain] [org.springframework.context.support.PostProcessorRegistrationDelegate$BeanPostProcessorChecker] [376] Bean 'shiroConfiguration' of type [com.zjy.mvc.common.shiro.ShiroConfiguration$$EnhancerBySpringCGLIB$$d1cba6a9] is not eligible for getting processed by all BeanPostProcessors (for example: not eligible for auto-proxying)
[2022-02-17 21:12:57.057] [INFO ] [restartedMain] [org.springframework.context.support.PostProcessorRegistrationDelegate$BeanPostProcessorChecker] [376] Bean 'hashedCredentialsMatcher' of type [org.apache.shiro.authc.credential.HashedCredentialsMatcher] is not eligible for getting processed by all BeanPostProcessors (for example: not eligible for auto-proxying)
[2022-02-17 21:12:57.057] [INFO ] [restartedMain] [org.springframework.context.support.PostProcessorRegistrationDelegate$BeanPostProcessorChecker] [376] Bean 'memoryConstrainedCacheManager' of type [org.apache.shiro.cache.MemoryConstrainedCacheManager] is not eligible for getting processed by all BeanPostProcessors (for example: not eligible for auto-proxying)
[2022-02-17 21:12:57.057] [INFO ] [restartedMain] [org.springframework.context.support.PostProcessorRegistrationDelegate$BeanPostProcessorChecker] [376] Bean 'myShiroRealm' of type [com.zjy.mvc.common.shiro.MyAuthorizingRealm] is not eligible for getting processed by all BeanPostProcessors (for example: not eligible for auto-proxying)
[2022-02-17 21:12:57.057] [INFO ] [restartedMain] [org.springframework.context.support.PostProcessorRegistrationDelegate$BeanPostProcessorChecker] [376] Bean 'simpleCookie' of type [org.apache.shiro.web.servlet.SimpleCookie] is not eligible for getting processed by all BeanPostProcessors (for example: not eligible for auto-proxying)
[2022-02-17 21:12:57.057] [INFO ] [restartedMain] [org.springframework.context.support.PostProcessorRegistrationDelegate$BeanPostProcessorChecker] [376] Bean 'sessionDAO' of type [org.apache.shiro.session.mgt.eis.EnterpriseCacheSessionDAO] is not eligible for getting processed by all BeanPostProcessors (for example: not eligible for auto-proxying)
[2022-02-17 21:12:57.057] [INFO ] [restartedMain] [org.springframework.context.support.PostProcessorRegistrationDelegate$BeanPostProcessorChecker] [376] Bean 'sessionManager' of type [org.apache.shiro.web.session.mgt.DefaultWebSessionManager] is not eligible for getting processed by all BeanPostProcessors (for example: not eligible for auto-proxying)
[2022-02-17 21:12:57.057] [INFO ] [restartedMain] [org.springframework.context.support.PostProcessorRegistrationDelegate$BeanPostProcessorChecker] [376] Bean 'securityManager' of type [org.apache.shiro.web.mgt.DefaultWebSecurityManager] is not eligible for getting processed by all BeanPostProcessors (for example: not eligible for auto-proxying)
[2022-02-17 21:12:57.057] [INFO ] [restartedMain] [org.springframework.context.support.PostProcessorRegistrationDelegate$BeanPostProcessorChecker] [376] Bean 'authorizationAttributeSourceAdvisor' of type [org.apache.shiro.spring.security.interceptor.AuthorizationAttributeSourceAdvisor] is not eligible for getting processed by all BeanPostProcessors (for example: not eligible for auto-proxying)
[2022-02-17 21:12:58.058] [INFO ] [restartedMain] [org.springframework.boot.web.embedded.tomcat.TomcatWebServer] [108] Tomcat initialized with port(s): 8088 (http)
[2022-02-17 21:12:58.058] [INFO ] [restartedMain] [org.apache.juli.logging.DirectJDKLog] [173] Initializing ProtocolHandler ["http-nio-8088"]
[2022-02-17 21:12:58.058] [INFO ] [restartedMain] [org.apache.juli.logging.DirectJDKLog] [173] Starting service [Tomcat]
[2022-02-17 21:12:58.058] [INFO ] [restartedMain] [org.apache.juli.logging.DirectJDKLog] [173] Starting Servlet engine: [Apache Tomcat/9.0.56]
[2022-02-17 21:12:58.058] [INFO ] [restartedMain] [org.apache.juli.logging.DirectJDKLog] [173] Initializing Spring embedded WebApplicationContext
[2022-02-17 21:12:58.058] [INFO ] [restartedMain] [org.springframework.boot.web.servlet.context.ServletWebServerApplicationContext] [290] Root WebApplicationContext: initialization completed in 1454 ms
[2022-02-17 21:12:58.058] [INFO ] [restartedMain] [com.zjy.mvc.common.sql.SqlPrint] [190] defaultPrintSql = true
[2022-02-17 21:12:59.059] [INFO ] [restartedMain] [org.springframework.boot.devtools.autoconfigure.OptionalLiveReloadServer] [58] LiveReload server is running on port 35729
[2022-02-17 21:12:59.059] [INFO ] [restartedMain] [org.apache.juli.logging.DirectJDKLog] [173] Starting ProtocolHandler ["http-nio-8088"]
[2022-02-17 21:12:59.059] [INFO ] [restartedMain] [org.springframework.boot.web.embedded.tomcat.TomcatWebServer] [220] Tomcat started on port(s): 8088 (http) with context path ''
[2022-02-17 21:12:59.059] [INFO ] [restartedMain] [org.springframework.boot.StartupInfoLogger] [61] Started MvcApplication in 3.591 seconds (JVM running for 4.581)
[2022-02-17 21:13:02.002] [INFO ] [http-nio-8088-exec-1] [org.apache.juli.logging.DirectJDKLog] [173] Initializing Spring DispatcherServlet 'dispatcherServlet'
[2022-02-17 21:13:02.002] [INFO ] [http-nio-8088-exec-1] [org.springframework.web.servlet.FrameworkServlet] [525] Initializing Servlet 'dispatcherServlet'
[2022-02-17 21:13:02.002] [INFO ] [http-nio-8088-exec-1] [org.springframework.web.servlet.FrameworkServlet] [547] Completed initialization in 1 ms
[2022-02-17 21:13:02.002] [INFO ] [http-nio-8088-exec-1] [org.apache.shiro.session.mgt.AbstractValidatingSessionManager] [233] Enabling session validation scheduler...
[2022-02-17 21:13:02.002] [INFO ] [http-nio-8088-exec-6] [com.zjy.mvc.common.stratory.create.CreateHandler] [25] CreateHandler.perpare
[2022-02-17 21:13:02.002] [INFO ] [http-nio-8088-exec-6] [com.zjy.mvc.common.stratory.create.CreateHandler] [31] CreateHandler.check
[2022-02-17 21:13:02.002] [INFO ] [http-nio-8088-exec-6] [com.zjy.mvc.common.stratory.create.CreateHandler] [38] CreateHandler.beforeDo
[2022-02-17 21:13:02.002] [INFO ] [http-nio-8088-exec-6] [com.zjy.mvc.common.stratory.create.CreateHandler] [44] CreateHandler.opDo
[2022-02-17 21:13:02.002] [INFO ] [http-nio-8088-exec-6] [com.zjy.mvc.common.stratory.create.CreateHandler] [50] CreateHandler.afterDo
[2022-02-17 21:13:02.002] [INFO ] [http-nio-8088-exec-6] [com.zjy.mvc.contoller.IndexController] [131] result:{"result":"com.zjy.mvc.common.stratory.create.CreateHandler"}
[2022-02-17 21:13:02.002] [INFO ] [http-nio-8088-exec-6] [com.zjy.mvc.common.stratory.close.CloseHandler] [41] CloseHandler.afterDo
[2022-02-17 21:13:02.002] [INFO ] [http-nio-8088-exec-6] [com.zjy.mvc.contoller.IndexController] [134] result:{"result":"com.zjy.mvc.common.stratory.close.CloseHandler"}
[2022-02-17 21:13:02.002] [INFO ] [http-nio-8088-exec-6] [com.zjy.mvc.common.stratory.close.CloseHandler] [41] CloseHandler.afterDo
[2022-02-17 21:13:02.002] [INFO ] [http-nio-8088-exec-6] [com.zjy.mvc.contoller.IndexController] [138] result:{"result":"com.zjy.mvc.common.stratory.close.CloseHandler"}
[2022-02-17 21:13:05.005] [INFO ] [http-nio-8088-exec-7] [com.zjy.mvc.common.stratory.create.CreateHandler] [25] CreateHandler.perpare
[2022-02-17 21:13:05.005] [INFO ] [http-nio-8088-exec-7] [com.zjy.mvc.common.stratory.create.CreateHandler] [31] CreateHandler.check
[2022-02-17 21:13:05.005] [INFO ] [http-nio-8088-exec-7] [com.zjy.mvc.common.stratory.create.CreateHandler] [38] CreateHandler.beforeDo
[2022-02-17 21:13:05.005] [INFO ] [http-nio-8088-exec-7] [com.zjy.mvc.common.stratory.create.CreateHandler] [44] CreateHandler.opDo
[2022-02-17 21:13:05.005] [INFO ] [http-nio-8088-exec-7] [com.zjy.mvc.common.stratory.create.CreateHandler] [50] CreateHandler.afterDo
[2022-02-17 21:13:05.005] [INFO ] [http-nio-8088-exec-7] [com.zjy.mvc.contoller.IndexController] [131] result:{"result":"com.zjy.mvc.common.stratory.create.CreateHandler"}
[2022-02-17 21:13:05.005] [INFO ] [http-nio-8088-exec-7] [com.zjy.mvc.common.stratory.close.CloseHandler] [41] CloseHandler.afterDo
[2022-02-17 21:13:05.005] [INFO ] [http-nio-8088-exec-7] [com.zjy.mvc.contoller.IndexController] [134] result:{"result":"com.zjy.mvc.common.stratory.close.CloseHandler"}
[2022-02-17 21:13:05.005] [INFO ] [http-nio-8088-exec-7] [com.zjy.mvc.common.stratory.close.CloseHandler] [41] CloseHandler.afterDo
[2022-02-17 21:13:05.005] [INFO ] [http-nio-8088-exec-7] [com.zjy.mvc.contoller.IndexController] [138] result:{"result":"com.zjy.mvc.common.stratory.close.CloseHandler"}
[2022-02-17 21:14:02.002] [INFO ] [SpringApplicationShutdownHook] [org.apache.shiro.session.mgt.AbstractValidatingSessionManager] [250] Disabled session validation scheduler.
[2022-02-17 21:14:08.008] [INFO ] [restartedMain] [org.springframework.boot.StartupInfoLogger] [55] Starting MvcApplication using Java 11.0.4 on zjy-TWJ with PID 8375 (/home/zjy/workspace/mycode/soa2/mvc/target/classes started by zjy in /home/zjy/workspace/mycode/soa2)
[2022-02-17 21:14:08.008] [INFO ] [restartedMain] [org.springframework.boot.SpringApplication] [637] No active profile set, falling back to default profiles: default
[2022-02-17 21:14:08.008] [INFO ] [restartedMain] [org.springframework.boot.logging.DeferredLog] [255] Devtools property defaults active! Set 'spring.devtools.add-properties' to 'false' to disable
[2022-02-17 21:14:08.008] [INFO ] [restartedMain] [org.springframework.boot.logging.DeferredLog] [255] For additional web related logging consider setting the 'logging.level.web' property to 'DEBUG'
[2022-02-17 21:14:08.008] [INFO ] [restartedMain] [org.springframework.data.repository.config.RepositoryConfigurationDelegate] [262] Multiple Spring Data modules found, entering strict repository configuration mode!
[2022-02-17 21:14:08.008] [INFO ] [restartedMain] [org.springframework.data.repository.config.RepositoryConfigurationDelegate] [132] Bootstrapping Spring Data Redis repositories in DEFAULT mode.
[2022-02-17 21:14:08.008] [INFO ] [restartedMain] [org.springframework.data.repository.config.RepositoryConfigurationDelegate] [201] Finished Spring Data repository scanning in 13 ms. Found 0 Redis repository interfaces.
[2022-02-17 21:14:08.008] [INFO ] [restartedMain] [org.springframework.context.support.PostProcessorRegistrationDelegate$BeanPostProcessorChecker] [376] Bean 'shiroConfiguration' of type [com.zjy.mvc.common.shiro.ShiroConfiguration$$EnhancerBySpringCGLIB$$d8a91205] is not eligible for getting processed by all BeanPostProcessors (for example: not eligible for auto-proxying)
[2022-02-17 21:14:09.009] [INFO ] [restartedMain] [org.springframework.context.support.PostProcessorRegistrationDelegate$BeanPostProcessorChecker] [376] Bean 'hashedCredentialsMatcher' of type [org.apache.shiro.authc.credential.HashedCredentialsMatcher] is not eligible for getting processed by all BeanPostProcessors (for example: not eligible for auto-proxying)
[2022-02-17 21:14:09.009] [INFO ] [restartedMain] [org.springframework.context.support.PostProcessorRegistrationDelegate$BeanPostProcessorChecker] [376] Bean 'memoryConstrainedCacheManager' of type [org.apache.shiro.cache.MemoryConstrainedCacheManager] is not eligible for getting processed by all BeanPostProcessors (for example: not eligible for auto-proxying)
[2022-02-17 21:14:09.009] [INFO ] [restartedMain] [org.springframework.context.support.PostProcessorRegistrationDelegate$BeanPostProcessorChecker] [376] Bean 'myShiroRealm' of type [com.zjy.mvc.common.shiro.MyAuthorizingRealm] is not eligible for getting processed by all BeanPostProcessors (for example: not eligible for auto-proxying)
[2022-02-17 21:14:09.009] [INFO ] [restartedMain] [org.springframework.context.support.PostProcessorRegistrationDelegate$BeanPostProcessorChecker] [376] Bean 'simpleCookie' of type [org.apache.shiro.web.servlet.SimpleCookie] is not eligible for getting processed by all BeanPostProcessors (for example: not eligible for auto-proxying)
[2022-02-17 21:14:09.009] [INFO ] [restartedMain] [org.springframework.context.support.PostProcessorRegistrationDelegate$BeanPostProcessorChecker] [376] Bean 'sessionDAO' of type [org.apache.shiro.session.mgt.eis.EnterpriseCacheSessionDAO] is not eligible for getting processed by all BeanPostProcessors (for example: not eligible for auto-proxying)
[2022-02-17 21:14:09.009] [INFO ] [restartedMain] [org.springframework.context.support.PostProcessorRegistrationDelegate$BeanPostProcessorChecker] [376] Bean 'sessionManager' of type [org.apache.shiro.web.session.mgt.DefaultWebSessionManager] is not eligible for getting processed by all BeanPostProcessors (for example: not eligible for auto-proxying)
[2022-02-17 21:14:09.009] [INFO ] [restartedMain] [org.springframework.context.support.PostProcessorRegistrationDelegate$BeanPostProcessorChecker] [376] Bean 'securityManager' of type [org.apache.shiro.web.mgt.DefaultWebSecurityManager] is not eligible for getting processed by all BeanPostProcessors (for example: not eligible for auto-proxying)
[2022-02-17 21:14:09.009] [INFO ] [restartedMain] [org.springframework.context.support.PostProcessorRegistrationDelegate$BeanPostProcessorChecker] [376] Bean 'authorizationAttributeSourceAdvisor' of type [org.apache.shiro.spring.security.interceptor.AuthorizationAttributeSourceAdvisor] is not eligible for getting processed by all BeanPostProcessors (for example: not eligible for auto-proxying)
[2022-02-17 21:14:09.009] [INFO ] [restartedMain] [org.springframework.boot.web.embedded.tomcat.TomcatWebServer] [108] Tomcat initialized with port(s): 8088 (http)
[2022-02-17 21:14:09.009] [INFO ] [restartedMain] [org.apache.juli.logging.DirectJDKLog] [173] Initializing ProtocolHandler ["http-nio-8088"]
[2022-02-17 21:14:09.009] [INFO ] [restartedMain] [org.apache.juli.logging.DirectJDKLog] [173] Starting service [Tomcat]
[2022-02-17 21:14:09.009] [INFO ] [restartedMain] [org.apache.juli.logging.DirectJDKLog] [173] Starting Servlet engine: [Apache Tomcat/9.0.56]
[2022-02-17 21:14:09.009] [INFO ] [restartedMain] [org.apache.juli.logging.DirectJDKLog] [173] Initializing Spring embedded WebApplicationContext
[2022-02-17 21:14:09.009] [INFO ] [restartedMain] [org.springframework.boot.web.servlet.context.ServletWebServerApplicationContext] [290] Root WebApplicationContext: initialization completed in 1432 ms
[2022-02-17 21:14:09.009] [INFO ] [restartedMain] [com.zjy.mvc.common.sql.SqlPrint] [190] defaultPrintSql = true
[2022-02-17 21:14:10.010] [INFO ] [restartedMain] [org.springframework.boot.devtools.autoconfigure.OptionalLiveReloadServer] [58] LiveReload server is running on port 35729
[2022-02-17 21:14:10.010] [INFO ] [restartedMain] [org.apache.juli.logging.DirectJDKLog] [173] Starting ProtocolHandler ["http-nio-8088"]
[2022-02-17 21:14:11.011] [INFO ] [restartedMain] [org.springframework.boot.web.embedded.tomcat.TomcatWebServer] [220] Tomcat started on port(s): 8088 (http) with context path ''
[2022-02-17 21:14:11.011] [INFO ] [restartedMain] [org.springframework.boot.StartupInfoLogger] [61] Started MvcApplication in 3.577 seconds (JVM running for 4.578)
[2022-02-17 21:14:20.020] [INFO ] [http-nio-8088-exec-1] [org.apache.juli.logging.DirectJDKLog] [173] Initializing Spring DispatcherServlet 'dispatcherServlet'
[2022-02-17 21:14:20.020] [INFO ] [http-nio-8088-exec-1] [org.springframework.web.servlet.FrameworkServlet] [525] Initializing Servlet 'dispatcherServlet'
[2022-02-17 21:14:20.020] [INFO ] [http-nio-8088-exec-1] [org.springframework.web.servlet.FrameworkServlet] [547] Completed initialization in 2 ms
[2022-02-17 21:14:20.020] [INFO ] [http-nio-8088-exec-1] [org.apache.shiro.session.mgt.AbstractValidatingSessionManager] [233] Enabling session validation scheduler...
[2022-02-17 21:14:21.021] [INFO ] [http-nio-8088-exec-6] [com.zjy.mvc.common.stratory.create.CreateHandler] [25] CreateHandler.perpare
[2022-02-17 21:14:21.021] [INFO ] [http-nio-8088-exec-6] [com.zjy.mvc.common.stratory.create.CreateHandler] [31] CreateHandler.check
[2022-02-17 21:14:21.021] [INFO ] [http-nio-8088-exec-6] [com.zjy.mvc.common.stratory.create.CreateHandler] [38] CreateHandler.beforeDo
[2022-02-17 21:14:21.021] [INFO ] [http-nio-8088-exec-6] [com.zjy.mvc.common.stratory.create.CreateHandler] [44] CreateHandler.opDo
[2022-02-17 21:14:21.021] [INFO ] [http-nio-8088-exec-6] [com.zjy.mvc.common.stratory.create.CreateHandler] [50] CreateHandler.afterDo
[2022-02-17 21:14:21.021] [INFO ] [http-nio-8088-exec-6] [com.zjy.mvc.contoller.IndexController] [131] result:{"result":"com.zjy.mvc.common.stratory.create.CreateHandler"}
[2022-02-17 21:14:21.021] [INFO ] [http-nio-8088-exec-6] [com.zjy.mvc.common.stratory.close.CloseHandler] [41] CloseHandler.afterDo
[2022-02-17 21:14:21.021] [INFO ] [http-nio-8088-exec-6] [com.zjy.mvc.contoller.IndexController] [134] result:{"result":"com.zjy.mvc.common.stratory.close.CloseHandler"}
[2022-02-17 21:14:21.021] [INFO ] [http-nio-8088-exec-6] [com.zjy.mvc.common.stratory.close.CloseHandler] [41] CloseHandler.afterDo
[2022-02-17 21:14:21.021] [INFO ] [http-nio-8088-exec-6] [com.zjy.mvc.contoller.IndexController] [138] result:{"result":"com.zjy.mvc.common.stratory.close.CloseHandler"}
[2022-02-17 21:14:24.024] [INFO ] [SpringApplicationShutdownHook] [org.apache.shiro.session.mgt.AbstractValidatingSessionManager] [250] Disabled session validation scheduler.
